<?xml version="1.0" encoding="UTF-8"?>
<testsuite xmlns:xsi="http://www.w3.org/2001/XMLSchema-instance" xsi:noNamespaceSchemaLocation="https://maven.apache.org/surefire/maven-surefire-plugin/xsd/surefire-test-report.xsd" name="io.cucumber.skeleton.RunCucumberTest" time="23.402" tests="3" errors="2" skipped="0" failures="0">
  <properties>
    <property name="java.specification.version" value="15"/>
    <property name="sun.jnu.encoding" value="UTF-8"/>
    <property name="java.class.path" value="/Users/baharyildiz/Desktop/cuc/cucumber-java-skeleton/target/test-classes:/Users/baharyildiz/Desktop/cuc/cucumber-java-skeleton/target/classes:/Users/baharyildiz/.m2/repository/io/cucumber/cucumber-java/6.10.4/cucumber-java-6.10.4.jar:/Users/baharyildiz/.m2/repository/io/cucumber/cucumber-core/6.10.4/cucumber-core-6.10.4.jar:/Users/baharyildiz/.m2/repository/io/cucumber/cucumber-gherkin/6.10.4/cucumber-gherkin-6.10.4.jar:/Users/baharyildiz/.m2/repository/io/cucumber/cucumber-gherkin-messages/6.10.4/cucumber-gherkin-messages-6.10.4.jar:/Users/baharyildiz/.m2/repository/io/cucumber/messages/15.0.0/messages-15.0.0.jar:/Users/baharyildiz/.m2/repository/io/cucumber/tag-expressions/3.0.1/tag-expressions-3.0.1.jar:/Users/baharyildiz/.m2/repository/io/cucumber/cucumber-expressions/10.3.0/cucumber-expressions-10.3.0.jar:/Users/baharyildiz/.m2/repository/io/cucumber/datatable/3.5.0/datatable-3.5.0.jar:/Users/baharyildiz/.m2/repository/io/cucumber/cucumber-plugin/6.10.4/cucumber-plugin-6.10.4.jar:/Users/baharyildiz/.m2/repository/io/cucumber/docstring/6.10.4/docstring-6.10.4.jar:/Users/baharyildiz/.m2/repository/io/cucumber/html-formatter/13.0.0/html-formatter-13.0.0.jar:/Users/baharyildiz/.m2/repository/io/cucumber/create-meta/4.0.0/create-meta-4.0.0.jar:/Users/baharyildiz/.m2/repository/org/apiguardian/apiguardian-api/1.1.1/apiguardian-api-1.1.1.jar:/Users/baharyildiz/.m2/repository/io/cucumber/cucumber-junit/6.10.4/cucumber-junit-6.10.4.jar:/Users/baharyildiz/.m2/repository/junit/junit/4.13.2/junit-4.13.2.jar:/Users/baharyildiz/.m2/repository/org/hamcrest/hamcrest-core/1.3/hamcrest-core-1.3.jar:/Users/baharyildiz/.m2/repository/org/seleniumhq/selenium/selenium-api/3.141.5/selenium-api-3.141.5.jar:/Users/baharyildiz/.m2/repository/org/seleniumhq/selenium/selenium-chrome-driver/3.141.5/selenium-chrome-driver-3.141.5.jar:/Users/baharyildiz/.m2/repository/org/seleniumhq/selenium/selenium-remote-driver/3.141.5/selenium-remote-driver-3.141.5.jar:/Users/baharyildiz/.m2/repository/net/bytebuddy/byte-buddy/1.8.15/byte-buddy-1.8.15.jar:/Users/baharyildiz/.m2/repository/org/apache/commons/commons-exec/1.3/commons-exec-1.3.jar:/Users/baharyildiz/.m2/repository/com/google/guava/guava/25.0-jre/guava-25.0-jre.jar:/Users/baharyildiz/.m2/repository/com/google/code/findbugs/jsr305/1.3.9/jsr305-1.3.9.jar:/Users/baharyildiz/.m2/repository/org/checkerframework/checker-compat-qual/2.0.0/checker-compat-qual-2.0.0.jar:/Users/baharyildiz/.m2/repository/com/google/errorprone/error_prone_annotations/2.1.3/error_prone_annotations-2.1.3.jar:/Users/baharyildiz/.m2/repository/com/google/j2objc/j2objc-annotations/1.1/j2objc-annotations-1.1.jar:/Users/baharyildiz/.m2/repository/org/codehaus/mojo/animal-sniffer-annotations/1.14/animal-sniffer-annotations-1.14.jar:/Users/baharyildiz/.m2/repository/com/squareup/okhttp3/okhttp/3.11.0/okhttp-3.11.0.jar:/Users/baharyildiz/.m2/repository/com/squareup/okio/okio/1.14.0/okio-1.14.0.jar:/Users/baharyildiz/.m2/repository/org/seleniumhq/selenium/selenium-support/3.141.5/selenium-support-3.141.5.jar:"/>
    <property name="java.vm.vendor" value="Oracle Corporation"/>
    <property name="sun.arch.data.model" value="64"/>
    <property name="java.vendor.url" value="https://openjdk.java.net/"/>
    <property name="os.name" value="Mac OS X"/>
    <property name="java.vm.specification.version" value="15"/>
    <property name="sun.java.launcher" value="SUN_STANDARD"/>
    <property name="user.country" value="TR"/>
    <property name="sun.boot.library.path" value="/usr/local/Cellar/openjdk/15.0.2/libexec/openjdk.jdk/Contents/Home/lib"/>
    <property name="sun.java.command" value="/Users/baharyildiz/Desktop/cuc/cucumber-java-skeleton/target/surefire/surefirebooter14348838168486507728.jar /Users/baharyildiz/Desktop/cuc/cucumber-java-skeleton/target/surefire 2021-05-24T22-29-14_040-jvmRun1 surefire15047706665439061838tmp surefire_011342811705096909455tmp"/>
    <property name="http.nonProxyHosts" value="local|*.local|169.254/16|*.169.254/16"/>
    <property name="jdk.debug" value="release"/>
    <property name="surefire.test.class.path" value="/Users/baharyildiz/Desktop/cuc/cucumber-java-skeleton/target/test-classes:/Users/baharyildiz/Desktop/cuc/cucumber-java-skeleton/target/classes:/Users/baharyildiz/.m2/repository/io/cucumber/cucumber-java/6.10.4/cucumber-java-6.10.4.jar:/Users/baharyildiz/.m2/repository/io/cucumber/cucumber-core/6.10.4/cucumber-core-6.10.4.jar:/Users/baharyildiz/.m2/repository/io/cucumber/cucumber-gherkin/6.10.4/cucumber-gherkin-6.10.4.jar:/Users/baharyildiz/.m2/repository/io/cucumber/cucumber-gherkin-messages/6.10.4/cucumber-gherkin-messages-6.10.4.jar:/Users/baharyildiz/.m2/repository/io/cucumber/messages/15.0.0/messages-15.0.0.jar:/Users/baharyildiz/.m2/repository/io/cucumber/tag-expressions/3.0.1/tag-expressions-3.0.1.jar:/Users/baharyildiz/.m2/repository/io/cucumber/cucumber-expressions/10.3.0/cucumber-expressions-10.3.0.jar:/Users/baharyildiz/.m2/repository/io/cucumber/datatable/3.5.0/datatable-3.5.0.jar:/Users/baharyildiz/.m2/repository/io/cucumber/cucumber-plugin/6.10.4/cucumber-plugin-6.10.4.jar:/Users/baharyildiz/.m2/repository/io/cucumber/docstring/6.10.4/docstring-6.10.4.jar:/Users/baharyildiz/.m2/repository/io/cucumber/html-formatter/13.0.0/html-formatter-13.0.0.jar:/Users/baharyildiz/.m2/repository/io/cucumber/create-meta/4.0.0/create-meta-4.0.0.jar:/Users/baharyildiz/.m2/repository/org/apiguardian/apiguardian-api/1.1.1/apiguardian-api-1.1.1.jar:/Users/baharyildiz/.m2/repository/io/cucumber/cucumber-junit/6.10.4/cucumber-junit-6.10.4.jar:/Users/baharyildiz/.m2/repository/junit/junit/4.13.2/junit-4.13.2.jar:/Users/baharyildiz/.m2/repository/org/hamcrest/hamcrest-core/1.3/hamcrest-core-1.3.jar:/Users/baharyildiz/.m2/repository/org/seleniumhq/selenium/selenium-api/3.141.5/selenium-api-3.141.5.jar:/Users/baharyildiz/.m2/repository/org/seleniumhq/selenium/selenium-chrome-driver/3.141.5/selenium-chrome-driver-3.141.5.jar:/Users/baharyildiz/.m2/repository/org/seleniumhq/selenium/selenium-remote-driver/3.141.5/selenium-remote-driver-3.141.5.jar:/Users/baharyildiz/.m2/repository/net/bytebuddy/byte-buddy/1.8.15/byte-buddy-1.8.15.jar:/Users/baharyildiz/.m2/repository/org/apache/commons/commons-exec/1.3/commons-exec-1.3.jar:/Users/baharyildiz/.m2/repository/com/google/guava/guava/25.0-jre/guava-25.0-jre.jar:/Users/baharyildiz/.m2/repository/com/google/code/findbugs/jsr305/1.3.9/jsr305-1.3.9.jar:/Users/baharyildiz/.m2/repository/org/checkerframework/checker-compat-qual/2.0.0/checker-compat-qual-2.0.0.jar:/Users/baharyildiz/.m2/repository/com/google/errorprone/error_prone_annotations/2.1.3/error_prone_annotations-2.1.3.jar:/Users/baharyildiz/.m2/repository/com/google/j2objc/j2objc-annotations/1.1/j2objc-annotations-1.1.jar:/Users/baharyildiz/.m2/repository/org/codehaus/mojo/animal-sniffer-annotations/1.14/animal-sniffer-annotations-1.14.jar:/Users/baharyildiz/.m2/repository/com/squareup/okhttp3/okhttp/3.11.0/okhttp-3.11.0.jar:/Users/baharyildiz/.m2/repository/com/squareup/okio/okio/1.14.0/okio-1.14.0.jar:/Users/baharyildiz/.m2/repository/org/seleniumhq/selenium/selenium-support/3.141.5/selenium-support-3.141.5.jar:"/>
    <property name="sun.cpu.endian" value="little"/>
    <property name="user.home" value="/Users/baharyildiz"/>
    <property name="user.language" value="tr"/>
    <property name="java.specification.vendor" value="Oracle Corporation"/>
    <property name="java.version.date" value="2021-01-19"/>
    <property name="java.home" value="/usr/local/Cellar/openjdk/15.0.2/libexec/openjdk.jdk/Contents/Home"/>
    <property name="file.separator" value="/"/>
    <property name="basedir" value="/Users/baharyildiz/Desktop/cuc/cucumber-java-skeleton"/>
    <property name="java.vm.compressedOopsMode" value="Zero based"/>
    <property name="line.separator" value="&#10;"/>
    <property name="java.specification.name" value="Java Platform API Specification"/>
    <property name="java.vm.specification.vendor" value="Oracle Corporation"/>
    <property name="surefire.real.class.path" value="/Users/baharyildiz/Desktop/cuc/cucumber-java-skeleton/target/surefire/surefirebooter14348838168486507728.jar"/>
    <property name="sun.management.compiler" value="HotSpot 64-Bit Tiered Compilers"/>
    <property name="ftp.nonProxyHosts" value="local|*.local|169.254/16|*.169.254/16"/>
    <property name="java.runtime.version" value="15.0.2+7"/>
    <property name="user.name" value="baharyildiz"/>
    <property name="path.separator" value=":"/>
    <property name="os.version" value="11.3.1"/>
    <property name="java.runtime.name" value="OpenJDK Runtime Environment"/>
    <property name="file.encoding" value="UTF-8"/>
    <property name="java.vm.name" value="OpenJDK 64-Bit Server VM"/>
    <property name="localRepository" value="/Users/baharyildiz/.m2/repository"/>
    <property name="java.vendor.url.bug" value="https://bugreport.java.com/bugreport/"/>
    <property name="java.io.tmpdir" value="/var/folders/wg/r7hs6lc90fs5m63x3c9v8nfr0000gn/T/"/>
    <property name="java.version" value="15.0.2"/>
    <property name="user.dir" value="/Users/baharyildiz/Desktop/cuc/cucumber-java-skeleton"/>
    <property name="os.arch" value="x86_64"/>
    <property name="java.vm.specification.name" value="Java Virtual Machine Specification"/>
    <property name="java.library.path" value="/Users/baharyildiz/Library/Java/Extensions:/Library/Java/Extensions:/Network/Library/Java/Extensions:/System/Library/Java/Extensions:/usr/lib/java:."/>
    <property name="java.vm.info" value="mixed mode, sharing"/>
    <property name="java.vendor" value="N/A"/>
    <property name="java.vm.version" value="15.0.2+7"/>
    <property name="sun.io.unicode.encoding" value="UnicodeBig"/>
    <property name="socksNonProxyHosts" value="local|*.local|169.254/16|*.169.254/16"/>
    <property name="java.class.version" value="59.0"/>
  </properties>
  <testcase name="Adding a product to basket" classname="Adding product" time="12.811">
    <error message="&quot;Add product to basket&quot; matches more than one step definition:&#10;  &quot;^Add product to basket&quot; in io.cucumber.skeleton.AddBasketStepDefinitions.add_product_to_basket()&#10;  &quot;^Add product to basket$&quot; in io.cucumber.skeleton.CheckoutStepDefinitions.add_product()" type="io.cucumber.core.runner.AmbiguousStepDefinitionsException">io.cucumber.core.runner.AmbiguousStepDefinitionsException: 
"Add product to basket" matches more than one step definition:
  "^Add product to basket" in io.cucumber.skeleton.AddBasketStepDefinitions.add_product_to_basket()
  "^Add product to basket$" in io.cucumber.skeleton.CheckoutStepDefinitions.add_product()
</error>
    <system-out><![CDATA[
@RegressionTest
Scenario: Adding a product to basket                           &amp#27;[90m# io/cucumber/skeleton/AddBasketTest.feature:4&amp#27;[0m
Siteye gidildi.
  &amp#27;[32mGiven &amp#27;[0m&amp#27;[32mNavigate to Website&amp#27;[0m                                    &amp#27;[90m# io.cucumber.skeleton.AddBasketStepDefinitions.navigate_to_website()&amp#27;[0m
Kitap, Müzik, Film, Hoby kategorisine tıklandı.
  &amp#27;[32mAnd &amp#27;[0m&amp#27;[32mClick on Book, Music, Movie, Hobby category&amp#27;[0m              &amp#27;[90m# io.cucumber.skeleton.AddBasketStepDefinitions.click_on_category()&amp#27;[0m
Uzaktan Kumandalı Araçlar alt kategorisine tıklandı.
  &amp#27;[32mAnd &amp#27;[0m&amp#27;[32mClick on the Remote Control Tools tab under the category&amp#27;[0m &amp#27;[90m# io.cucumber.skeleton.AddBasketStepDefinitions.click_on_subCategory()&amp#27;[0m
Drone yedek parçası bulundu.
  &amp#27;[32mAnd &amp#27;[0m&amp#27;[32mChoose one of the drone spare parts&amp#27;[0m                      &amp#27;[90m# io.cucumber.skeleton.AddBasketStepDefinitions.choose_product()&amp#27;[0m
  &amp#27;[31mWhen &amp#27;[0m&amp#27;[31mAdd product to basket&amp#27;[0m                                   &amp#27;[90m# null&amp#27;[0m
      &amp#27;[31mio.cucumber.core.runner.AmbiguousStepDefinitionsException: "Add product to basket" matches more than one step definition:
  "^Add product to basket" in io.cucumber.skeleton.AddBasketStepDefinitions.add_product_to_basket()
  "^Add product to basket$" in io.cucumber.skeleton.CheckoutStepDefinitions.add_product()
	at io.cucumber.core.runner.CachingGlue.findStepDefinitionMatch(CachingGlue.java:373)
	at io.cucumber.core.runner.CachingGlue.stepDefinitionMatch(CachingGlue.java:341)
	at io.cucumber.core.runner.Runner.matchStepToStepDefinition(Runner.java:148)
	at io.cucumber.core.runner.Runner.createTestStepsForPickleSteps(Runner.java:128)
	at io.cucumber.core.runner.Runner.createTestCaseForPickle(Runner.java:111)
	at io.cucumber.core.runner.Runner.runPickle(Runner.java:72)
	at io.cucumber.junit.PickleRunners$NoStepDescriptions.run(PickleRunners.java:151)
	at io.cucumber.junit.FeatureRunner.runChild(FeatureRunner.java:135)
	at io.cucumber.junit.FeatureRunner.runChild(FeatureRunner.java:27)
	at org.junit.runners.ParentRunner$4.run(ParentRunner.java:331)
	at org.junit.runners.ParentRunner$1.schedule(ParentRunner.java:79)
	at org.junit.runners.ParentRunner.runChildren(ParentRunner.java:329)
	at org.junit.runners.ParentRunner.access$100(ParentRunner.java:66)
	at org.junit.runners.ParentRunner$2.evaluate(ParentRunner.java:293)
	at org.junit.runners.ParentRunner$3.evaluate(ParentRunner.java:306)
	at org.junit.runners.ParentRunner.run(ParentRunner.java:413)
	at io.cucumber.junit.Cucumber.runChild(Cucumber.java:200)
	at io.cucumber.junit.Cucumber.runChild(Cucumber.java:90)
	at org.junit.runners.ParentRunner$4.run(ParentRunner.java:331)
	at org.junit.runners.ParentRunner$1.schedule(ParentRunner.java:79)
	at org.junit.runners.ParentRunner.runChildren(ParentRunner.java:329)
	at org.junit.runners.ParentRunner.access$100(ParentRunner.java:66)
	at org.junit.runners.ParentRunner$2.evaluate(ParentRunner.java:293)
	at io.cucumber.junit.Cucumber$RunCucumber.evaluate(Cucumber.java:235)
	at org.junit.runners.ParentRunner$3.evaluate(ParentRunner.java:306)
	at org.junit.runners.ParentRunner.run(ParentRunner.java:413)
	at org.apache.maven.surefire.junit4.JUnit4Provider.execute(JUnit4Provider.java:365)
	at org.apache.maven.surefire.junit4.JUnit4Provider.executeWithRerun(JUnit4Provider.java:273)
	at org.apache.maven.surefire.junit4.JUnit4Provider.executeTestSet(JUnit4Provider.java:238)
	at org.apache.maven.surefire.junit4.JUnit4Provider.invoke(JUnit4Provider.java:159)
	at org.apache.maven.surefire.booter.ForkedBooter.invokeProviderInSameClassLoader(ForkedBooter.java:384)
	at org.apache.maven.surefire.booter.ForkedBooter.runSuitesInProcess(ForkedBooter.java:345)
	at org.apache.maven.surefire.booter.ForkedBooter.execute(ForkedBooter.java:126)
	at org.apache.maven.surefire.booter.ForkedBooter.main(ForkedBooter.java:418)
&amp#27;[0m
  &amp#27;[36mAnd &amp#27;[0m&amp#27;[36mClose the modal&amp#27;[0m                                          &amp#27;[90m# io.cucumber.skeleton.AddBasketStepDefinitions.close_the_modal()&amp#27;[0m
  &amp#27;[36mThen &amp#27;[0m&amp#27;[36mView basket&amp#27;[0m                                             &amp#27;[90m# io.cucumber.skeleton.AddBasketStepDefinitions.view_basket()&amp#27;[0m
]]></system-out>
    <system-err><![CDATA[Starting ChromeDriver 90.0.4430.24 (4c6d850f087da467d926e8eddb76550aed655991-refs/branch-heads/4430@{#429}) on port 45664
Only local connections are allowed.
Please see https://chromedriver.chromium.org/security-considerations for suggestions on keeping ChromeDriver safe.
ChromeDriver was started successfully.
May 24, 2021 10:29:18 ÖS org.openqa.selenium.remote.ProtocolHandshake createSession
INFO: Detected dialect: W3C
]]></system-err>
  </testcase>
  <testcase name="Login An Account" classname="Checkout product" time="6.32"/>
  <testcase name="Search the product and add to basket" classname="Checkout product" time="3.804">
    <error message="stale element reference: element is not attached to the page document&#10;  (Session info: chrome=90.0.4430.212)&#10;For documentation on this error, please visit: http://seleniumhq.org/exceptions/stale_element_reference.html&#10;Build info: version: &apos;3.141.5&apos;, revision: &apos;d54ebd709a&apos;, time: &apos;2018-11-06T11:42:16&apos;&#10;System info: host: &apos;Bahars-MacBook-Pro.local&apos;, ip: &apos;fe80:0:0:0:14be:6b1a:5630:b3c4%en0&apos;, os.name: &apos;Mac OS X&apos;, os.arch: &apos;x86_64&apos;, os.version: &apos;11.3.1&apos;, java.version: &apos;15.0.2&apos;&#10;Driver info: org.openqa.selenium.chrome.ChromeDriver&#10;Capabilities {acceptInsecureCerts: false, browserName: chrome, browserVersion: 90.0.4430.212, chrome: {chromedriverVersion: 90.0.4430.24 (4c6d850f087da..., userDataDir: /var/folders/wg/r7hs6lc90fs...}, goog:chromeOptions: {debuggerAddress: localhost:59453}, javascriptEnabled: true, networkConnectionEnabled: false, pageLoadStrategy: normal, platform: MAC, platformName: MAC, proxy: Proxy(), setWindowRect: true, strictFileInteractability: false, timeouts: {implicit: 0, pageLoad: 300000, script: 30000}, unhandledPromptBehavior: dismiss and notify, webauthn:extension:largeBlob: true, webauthn:virtualAuthenticators: true}&#10;Session ID: 8832272521350cd3fc52537b3f98fc67" type="org.openqa.selenium.StaleElementReferenceException">org.openqa.selenium.StaleElementReferenceException: 
stale element reference: element is not attached to the page document
  (Session info: chrome=90.0.4430.212)
For documentation on this error, please visit: http://seleniumhq.org/exceptions/stale_element_reference.html
Build info: version: '3.141.5', revision: 'd54ebd709a', time: '2018-11-06T11:42:16'
System info: host: 'Bahars-MacBook-Pro.local', ip: 'fe80:0:0:0:14be:6b1a:5630:b3c4%en0', os.name: 'Mac OS X', os.arch: 'x86_64', os.version: '11.3.1', java.version: '15.0.2'
Driver info: org.openqa.selenium.chrome.ChromeDriver
Capabilities {acceptInsecureCerts: false, browserName: chrome, browserVersion: 90.0.4430.212, chrome: {chromedriverVersion: 90.0.4430.24 (4c6d850f087da..., userDataDir: /var/folders/wg/r7hs6lc90fs...}, goog:chromeOptions: {debuggerAddress: localhost:59453}, javascriptEnabled: true, networkConnectionEnabled: false, pageLoadStrategy: normal, platform: MAC, platformName: MAC, proxy: Proxy(), setWindowRect: true, strictFileInteractability: false, timeouts: {implicit: 0, pageLoad: 300000, script: 30000}, unhandledPromptBehavior: dismiss and notify, webauthn:extension:largeBlob: true, webauthn:virtualAuthenticators: true}
Session ID: 8832272521350cd3fc52537b3f98fc67
</error>
    <system-out><![CDATA[
@RegressionTest
Scenario: Search the product and add to basket  &amp#27;[90m# io/cucumber/skeleton/CheckoutTest.feature:13&amp#27;[0m
  &amp#27;[31mGiven &amp#27;[0m&amp#27;[31mTyping a product name in the search bar&amp#27;[0m &amp#27;[90m# io.cucumber.skeleton.CheckoutStepDefinitions.product_name_seacrhBar()&amp#27;[0m
      &amp#27;[31morg.openqa.selenium.StaleElementReferenceException: stale element reference: element is not attached to the page document
  (Session info: chrome=90.0.4430.212)
For documentation on this error, please visit: http://seleniumhq.org/exceptions/stale_element_reference.html
Build info: version: '3.141.5', revision: 'd54ebd709a', time: '2018-11-06T11:42:16'
System info: host: 'Bahars-MacBook-Pro.local', ip: 'fe80:0:0:0:14be:6b1a:5630:b3c4%en0', os.name: 'Mac OS X', os.arch: 'x86_64', os.version: '11.3.1', java.version: '15.0.2'
Driver info: org.openqa.selenium.chrome.ChromeDriver
Capabilities {acceptInsecureCerts: false, browserName: chrome, browserVersion: 90.0.4430.212, chrome: {chromedriverVersion: 90.0.4430.24 (4c6d850f087da..., userDataDir: /var/folders/wg/r7hs6lc90fs...}, goog:chromeOptions: {debuggerAddress: localhost:59453}, javascriptEnabled: true, networkConnectionEnabled: false, pageLoadStrategy: normal, platform: MAC, platformName: MAC, proxy: Proxy(), setWindowRect: true, strictFileInteractability: false, timeouts: {implicit: 0, pageLoad: 300000, script: 30000}, unhandledPromptBehavior: dismiss and notify, webauthn:extension:largeBlob: true, webauthn:virtualAuthenticators: true}
Session ID: 8832272521350cd3fc52537b3f98fc67
	at java.base/jdk.internal.reflect.NativeConstructorAccessorImpl.newInstance0(Native Method)
	at java.base/jdk.internal.reflect.NativeConstructorAccessorImpl.newInstance(NativeConstructorAccessorImpl.java:64)
	at java.base/jdk.internal.reflect.DelegatingConstructorAccessorImpl.newInstance(DelegatingConstructorAccessorImpl.java:45)
	at java.base/java.lang.reflect.Constructor.newInstanceWithCaller(Constructor.java:500)
	at java.base/java.lang.reflect.Constructor.newInstance(Constructor.java:481)
	at org.openqa.selenium.remote.http.W3CHttpResponseCodec.createException(W3CHttpResponseCodec.java:187)
	at org.openqa.selenium.remote.http.W3CHttpResponseCodec.decode(W3CHttpResponseCodec.java:122)
	at org.openqa.selenium.remote.http.W3CHttpResponseCodec.decode(W3CHttpResponseCodec.java:49)
	at org.openqa.selenium.remote.HttpCommandExecutor.execute(HttpCommandExecutor.java:158)
	at org.openqa.selenium.remote.service.DriverCommandExecutor.execute(DriverCommandExecutor.java:83)
	at org.openqa.selenium.remote.RemoteWebDriver.execute(RemoteWebDriver.java:552)
	at org.openqa.selenium.remote.RemoteWebElement.execute(RemoteWebElement.java:285)
	at org.openqa.selenium.remote.RemoteWebElement.isDisplayed(RemoteWebElement.java:326)
	at java.base/jdk.internal.reflect.NativeMethodAccessorImpl.invoke0(Native Method)
	at java.base/jdk.internal.reflect.NativeMethodAccessorImpl.invoke(NativeMethodAccessorImpl.java:64)
	at java.base/jdk.internal.reflect.DelegatingMethodAccessorImpl.invoke(DelegatingMethodAccessorImpl.java:43)
	at java.base/java.lang.reflect.Method.invoke(Method.java:564)
	at org.openqa.selenium.support.pagefactory.internal.LocatingElementHandler.invoke(LocatingElementHandler.java:51)
	at com.sun.proxy.$Proxy18.isDisplayed(Unknown Source)
	at org.openqa.selenium.support.ui.ExpectedConditions.elementIfVisible(ExpectedConditions.java:314)
	at org.openqa.selenium.support.ui.ExpectedConditions.access$000(ExpectedConditions.java:43)
	at org.openqa.selenium.support.ui.ExpectedConditions$10.apply(ExpectedConditions.java:300)
	at org.openqa.selenium.support.ui.ExpectedConditions$10.apply(ExpectedConditions.java:297)
	at org.openqa.selenium.support.ui.FluentWait.until(FluentWait.java:249)
	at pageObjectModel.abstractClass.sendKeysFunction(abstractClass.java:22)
	at pageObjectModel.CheckoutEvents.sendProductName(CheckoutEvents.java:21)
	at io.cucumber.skeleton.CheckoutStepDefinitions.product_name_seacrhBar(CheckoutStepDefinitions.java:16)
	at ✽.Typing a product name in the search bar(classpath:io/cucumber/skeleton/CheckoutTest.feature:14)
&amp#27;[0m
  &amp#27;[36mAnd &amp#27;[0m&amp#27;[36mSelect product&amp#27;[0m                            &amp#27;[90m# io.cucumber.skeleton.CheckoutStepDefinitions.select_product()&amp#27;[0m
  &amp#27;[36mAnd &amp#27;[0m&amp#27;[36mAdd product to basket&amp#27;[0m                     &amp#27;[90m# null&amp#27;[0m
  &amp#27;[36mAnd &amp#27;[0m&amp#27;[36mClose the success modal&amp#27;[0m                   &amp#27;[90m# io.cucumber.skeleton.CheckoutStepDefinitions.close_success_modal()&amp#27;[0m
  &amp#27;[36mWhen &amp#27;[0m&amp#27;[36mRe-add from different merchant&amp#27;[0m           &amp#27;[90m# io.cucumber.skeleton.CheckoutStepDefinitions.different_merchant()&amp#27;[0m
  &amp#27;[36mAnd &amp#27;[0m&amp#27;[36mClose the success modal&amp#27;[0m                   &amp#27;[90m# io.cucumber.skeleton.CheckoutStepDefinitions.close_success_modal()&amp#27;[0m
  &amp#27;[36mThen &amp#27;[0m&amp#27;[36mView account basket&amp#27;[0m                      &amp#27;[90m# io.cucumber.skeleton.CheckoutStepDefinitions.view_account_basket()&amp#27;[0m
]]></system-out>
  </testcase>
</testsuite>